<?xml version="1.0" encoding="UTF-8"?>
<!-- Generated by org.testng.reporters.JUnitXMLReporter -->
<testsuite ignored="2" hostname="DESKTOP-I91J3NG" failures="0" tests="2" name="chromeTest" time="42.183" errors="0" timestamp="2025-01-11T00:19:51 IST">
  <testcase classname="Testcases.TC004Survey_Creation" name="Builder_login" time="8.207"/>
  <testcase classname="Testcases.TC007Research_Project_Study_Mapping" name="Research_Login_reg" time="13.615"/>
  <testcase classname="Testcases.TC004Survey_Creation" name="BuilderSurveyCreations" time="0.0">
    <ignored/>
  </testcase> <!-- BuilderSurveyCreations -->
  <testcase classname="Testcases.TC007Research_Project_Study_Mapping" name="survey_project_mapping" time="0.0">
    <ignored/>
  </testcase> <!-- survey_project_mapping -->
</testsuite> <!-- chromeTest -->
