<?xml version="1.0" encoding="UTF-8"?>
<!-- Generated by org.testng.reporters.JUnitXMLReporter -->
<testsuite ignored="2" hostname="DESKTOP-I91J3NG" failures="0" tests="2" name="firefoxtest" time="371.273" errors="0" timestamp="2025-01-10T22:33:18 IST">
  <testcase classname="Testcases.TC004Survey_Creation" name="Builder_login" time="0.001">
    <skipped/>
  </testcase> <!-- Builder_login -->
  <testcase classname="Testcases.TC007Research_Project_Study_Mapping" name="Research_Login_reg" time="0.001">
    <skipped/>
  </testcase> <!-- Research_Login_reg -->
  <testcase classname="Testcases.TC007Research_Project_Study_Mapping" name="survey_project_mapping" time="0.0">
    <ignored/>
  </testcase> <!-- survey_project_mapping -->
  <testcase classname="Testcases.TC004Survey_Creation" name="BuilderSurveyCreations" time="0.0">
    <ignored/>
  </testcase> <!-- BuilderSurveyCreations -->
</testsuite> <!-- firefoxtest -->
