<?xml version="1.0" encoding="UTF-8"?>
<!-- Generated by org.testng.reporters.JUnitXMLReporter -->
<testsuite ignored="2" hostname="DESKTOP-I91J3NG" failures="1" tests="3" name="Test" time="31.459" errors="0" timestamp="2025-01-08T23:39:29 IST">
  <testcase classname="Testcases.TC010Exce_Data_Base_LoginTestCases_Sanity" name="login" time="2.761">
    <failure type="org.testng.internal.reflect.MethodMatcherException" message="
[public void Testcases.TC010Exce_Data_Base_LoginTestCases_Sanity.login(java.lang.String,java.lang.String,java.lang.String,int) throws java.io.IOException] has no parameters defined but was found to be using a data provider (either explicitly specified or inherited from class level annotation).
Data provider mismatch
Method: login([java.lang.String arg0, java.lang.String arg1, java.lang.String arg2, int arg3])
Arguments: [(java.lang.String) pranav.prakash@ipsos.com,(java.lang.String) 88136585,(java.lang.String) Passed,(java.lang.String) Passed,(java.lang.Integer) 1]">
      <![CDATA[org.testng.internal.reflect.MethodMatcherException: 
[public void Testcases.TC010Exce_Data_Base_LoginTestCases_Sanity.login(java.lang.String,java.lang.String,java.lang.String,int) throws java.io.IOException] has no parameters defined but was found to be using a data provider (either explicitly specified or inherited from class level annotation).
Data provider mismatch
Method: login([java.lang.String arg0, java.lang.String arg1, java.lang.String arg2, int arg3])
Arguments: [(java.lang.String) pranav.prakash@ipsos.com,(java.lang.String) 88136585,(java.lang.String) Passed,(java.lang.String) Passed,(java.lang.Integer) 1]
at java.base/java.util.ArrayList.forEach(ArrayList.java:1597)
... Removed 22 stack frames]]>
    </failure>
  </testcase> <!-- login -->
  <testcase classname="Testcases.TC004Survey_Creation" name="Builder_login" time="9.804"/>
  <testcase classname="Testcases.TC007Research_Project_Study_Mapping" name="Research_Login_reg" time="6.571"/>
  <testcase classname="Testcases.TC007Research_Project_Study_Mapping" name="survey_project_mapping" time="0.0">
    <ignored/>
  </testcase> <!-- survey_project_mapping -->
  <testcase classname="Testcases.TC004Survey_Creation" name="BuilderSurveyCreations" time="0.0">
    <ignored/>
  </testcase> <!-- BuilderSurveyCreations -->
</testsuite> <!-- Test -->
