<?xml version="1.0" encoding="UTF-8"?>
<!-- Generated by org.testng.reporters.JUnitXMLReporter -->
<testsuite ignored="2" hostname="DESKTOP-I91J3NG" failures="0" tests="2" name="chromeTest" time="58.863" errors="0" timestamp="2025-01-11T12:23:15 IST">
  <testcase classname="Testcases.TC004Survey_Creation" name="Builder_login" time="7.187"/>
  <testcase classname="Testcases.TC007Research_Project_Study_Mapping" name="Research_Login_reg" time="8.671"/>
  <testcase classname="Testcases.TC007Research_Project_Study_Mapping" name="survey_project_mapping" time="0.0">
    <ignored/>
  </testcase> <!-- survey_project_mapping -->
  <testcase classname="Testcases.TC004Survey_Creation" name="BuilderSurveyCreations" time="0.0">
    <ignored/>
  </testcase> <!-- BuilderSurveyCreations -->
</testsuite> <!-- chromeTest -->
