<?xml version="1.0" encoding="UTF-8"?>
<testng-results ignored="0" total="4" passed="4" failed="0" skipped="0">
  <reporter-output>
  </reporter-output>
  <suite started-at="2025-01-11T00:19:05 IST" name="Suite" finished-at="2025-01-11T00:19:50 IST" duration-ms="45257">
    <groups>
      <group name="sanity">
        <method signature="TC004Survey_Creation.Builder_login()[pri:1, instance:Testcases.TC004Survey_Creation@78a287ed]" name="Builder_login" class="Testcases.TC004Survey_Creation"/>
        <method signature="TC007Research_Project_Study_Mapping.Research_Login_reg()[pri:1, instance:Testcases.TC007Research_Project_Study_Mapping@25748410]" name="Research_Login_reg" class="Testcases.TC007Research_Project_Study_Mapping"/>
        <method signature="TC004Survey_Creation.Builder_login()[pri:1, instance:Testcases.TC004Survey_Creation@4d098f9b]" name="Builder_login" class="Testcases.TC004Survey_Creation"/>
        <method signature="TC007Research_Project_Study_Mapping.Research_Login_reg()[pri:1, instance:Testcases.TC007Research_Project_Study_Mapping@2dbf4cbd]" name="Research_Login_reg" class="Testcases.TC007Research_Project_Study_Mapping"/>
      </group> <!-- sanity -->
    </groups>
    <test started-at="2025-01-11T00:19:05 IST" name="chromeTest" finished-at="2025-01-11T00:19:47 IST" duration-ms="42183">
      <class name="Testcases.TC007Research_Project_Study_Mapping">
        <test-method is-config="true" signature="setup(java.lang.String,java.lang.String)[pri:0, instance:Testcases.TC007Research_Project_Study_Mapping@25748410]" started-at="2025-01-11T00:19:29 IST" name="setup" finished-at="2025-01-11T00:19:33 IST" duration-ms="3513" status="PASS">
          <params>
            <param index="0">
              <value>
                <![CDATA[chrome]]>
              </value>
            </param>
            <param index="1">
              <value>
                <![CDATA[window]]>
              </value>
            </param>
          </params>
          <reporter-output>
          </reporter-output>
        </test-method> <!-- setup -->
        <test-method signature="Research_Login_reg()[pri:1, instance:Testcases.TC007Research_Project_Study_Mapping@25748410]" started-at="2025-01-11T00:19:33 IST" name="Research_Login_reg" finished-at="2025-01-11T00:19:47 IST" duration-ms="13615" status="PASS">
          <reporter-output>
          </reporter-output>
        </test-method> <!-- Research_Login_reg -->
        <test-method is-config="true" signature="teardown()[pri:0, instance:Testcases.TC007Research_Project_Study_Mapping@25748410]" started-at="2025-01-11T00:19:47 IST" name="teardown" finished-at="2025-01-11T00:19:47 IST" duration-ms="523" status="PASS">
          <reporter-output>
          </reporter-output>
        </test-method> <!-- teardown -->
      </class> <!-- Testcases.TC007Research_Project_Study_Mapping -->
      <class name="Testcases.TC004Survey_Creation">
        <test-method is-config="true" signature="setup(java.lang.String,java.lang.String)[pri:0, instance:Testcases.TC004Survey_Creation@78a287ed]" started-at="2025-01-11T00:19:06 IST" name="setup" finished-at="2025-01-11T00:19:21 IST" duration-ms="15212" status="PASS">
          <params>
            <param index="0">
              <value>
                <![CDATA[chrome]]>
              </value>
            </param>
            <param index="1">
              <value>
                <![CDATA[window]]>
              </value>
            </param>
          </params>
          <reporter-output>
          </reporter-output>
        </test-method> <!-- setup -->
        <test-method signature="Builder_login()[pri:1, instance:Testcases.TC004Survey_Creation@78a287ed]" started-at="2025-01-11T00:19:21 IST" name="Builder_login" finished-at="2025-01-11T00:19:29 IST" duration-ms="8207" status="PASS">
          <reporter-output>
          </reporter-output>
        </test-method> <!-- Builder_login -->
        <test-method is-config="true" signature="teardown()[pri:0, instance:Testcases.TC004Survey_Creation@78a287ed]" started-at="2025-01-11T00:19:29 IST" name="teardown" finished-at="2025-01-11T00:19:29 IST" duration-ms="424" status="PASS">
          <reporter-output>
          </reporter-output>
        </test-method> <!-- teardown -->
      </class> <!-- Testcases.TC004Survey_Creation -->
    </test> <!-- chromeTest -->
    <test started-at="2025-01-11T00:19:05 IST" name="edgeTest" finished-at="2025-01-11T00:19:50 IST" duration-ms="45257">
      <class name="Testcases.TC007Research_Project_Study_Mapping">
        <test-method is-config="true" signature="setup(java.lang.String,java.lang.String)[pri:0, instance:Testcases.TC007Research_Project_Study_Mapping@2dbf4cbd]" started-at="2025-01-11T00:19:30 IST" name="setup" finished-at="2025-01-11T00:19:36 IST" duration-ms="6005" status="PASS">
          <params>
            <param index="0">
              <value>
                <![CDATA[edge]]>
              </value>
            </param>
            <param index="1">
              <value>
                <![CDATA[window]]>
              </value>
            </param>
          </params>
          <reporter-output>
          </reporter-output>
        </test-method> <!-- setup -->
        <test-method signature="Research_Login_reg()[pri:1, instance:Testcases.TC007Research_Project_Study_Mapping@2dbf4cbd]" started-at="2025-01-11T00:19:36 IST" name="Research_Login_reg" finished-at="2025-01-11T00:19:48 IST" duration-ms="12181" status="PASS">
          <reporter-output>
          </reporter-output>
        </test-method> <!-- Research_Login_reg -->
        <test-method is-config="true" signature="teardown()[pri:0, instance:Testcases.TC007Research_Project_Study_Mapping@2dbf4cbd]" started-at="2025-01-11T00:19:48 IST" name="teardown" finished-at="2025-01-11T00:19:50 IST" duration-ms="2000" status="PASS">
          <reporter-output>
          </reporter-output>
        </test-method> <!-- teardown -->
      </class> <!-- Testcases.TC007Research_Project_Study_Mapping -->
      <class name="Testcases.TC004Survey_Creation">
        <test-method is-config="true" signature="setup(java.lang.String,java.lang.String)[pri:0, instance:Testcases.TC004Survey_Creation@4d098f9b]" started-at="2025-01-11T00:19:06 IST" name="setup" finished-at="2025-01-11T00:19:13 IST" duration-ms="7270" status="PASS">
          <params>
            <param index="0">
              <value>
                <![CDATA[edge]]>
              </value>
            </param>
            <param index="1">
              <value>
                <![CDATA[window]]>
              </value>
            </param>
          </params>
          <reporter-output>
          </reporter-output>
        </test-method> <!-- setup -->
        <test-method signature="Builder_login()[pri:1, instance:Testcases.TC004Survey_Creation@4d098f9b]" started-at="2025-01-11T00:19:13 IST" name="Builder_login" finished-at="2025-01-11T00:19:27 IST" duration-ms="13757" status="PASS">
          <reporter-output>
          </reporter-output>
        </test-method> <!-- Builder_login -->
        <test-method is-config="true" signature="teardown()[pri:0, instance:Testcases.TC004Survey_Creation@4d098f9b]" started-at="2025-01-11T00:19:27 IST" name="teardown" finished-at="2025-01-11T00:19:30 IST" duration-ms="3283" status="PASS">
          <reporter-output>
          </reporter-output>
        </test-method> <!-- teardown -->
      </class> <!-- Testcases.TC004Survey_Creation -->
    </test> <!-- edgeTest -->
  </suite> <!-- Suite -->
</testng-results>
